<?xml version="1.0" encoding="UTF-8"?>
<!-- Generated by org.testng.reporters.JUnitReportReporter -->
<testsuite hostname="Fujitsu" failures="0" tests="1" name="com.crm.contact.ModifyContactTest" time="0.022" errors="0" timestamp="31 Dec 2021 18:12:45 GMT" skipped="0">
  <testcase classname="com.crm.contact.ModifyContactTest" name="modify" time="0.022"/>
</testsuite> <!-- com.crm.contact.ModifyContactTest -->
