<?xml version="1.0" encoding="UTF-8"?>
<!-- Generated by org.testng.reporters.JUnitReportReporter -->
<testsuite hostname="Fujitsu" failures="0" tests="1" name="com.crm.product.CreateProductTest" time="0.011" errors="0" timestamp="31 Dec 2021 18:10:41 GMT" skipped="0">
  <testcase classname="com.crm.product.CreateProductTest" name="createProduct" time="0.011"/>
</testsuite> <!-- com.crm.product.CreateProductTest -->
