<?xml version="1.0" encoding="UTF-8"?>
<!-- Generated by org.testng.reporters.JUnitReportReporter -->
<testsuite hostname="Fujitsu" failures="0" tests="1" name="com.crm.product.ModifyProductTest" time="0.003" errors="0" timestamp="31 Dec 2021 18:12:45 GMT" skipped="0">
  <testcase classname="com.crm.product.ModifyProductTest" name="modifyprod" time="0.003"/>
</testsuite> <!-- com.crm.product.ModifyProductTest -->
