<?xml version="1.0" encoding="UTF-8"?>
<!-- Generated by org.testng.reporters.JUnitReportReporter -->
<testsuite hostname="Fujitsu" failures="0" tests="1" name="com.crm.contact.CreateContactTest" time="0.001" errors="0" timestamp="31 Dec 2021 18:10:41 GMT" skipped="0">
  <testcase classname="com.crm.contact.CreateContactTest" name="ContactCreate" time="0.001"/>
</testsuite> <!-- com.crm.contact.CreateContactTest -->
